cs442/Chapter_10_Earthquake_Part_3/app/build/outputs/logs/manifest-merger-debug-report.txt
-- Merging decision tree log ---
manifest
ADDED from src\main\AndroidManifest.xml:2:1-58:12
	xmlns:android
		ADDED from src\main\AndroidManifest.xml:2:11-69
	package
		ADDED from src\main\AndroidManifest.xml:3:3-32
		INJECTED from src\main\AndroidManifest.xml
		INJECTED from src\main\AndroidManifest.xml
	android:versionName
		ADDED from src\main\AndroidManifest.xml:5:3-28
	android:versionCode
		ADDED from src\main\AndroidManifest.xml:4:3-26
		INJECTED from src\main\AndroidManifest.xml
		INJECTED from src\main\AndroidManifest.xml
uses-sdk
ADDED from src\main\AndroidManifest.xml:7:3-8:42
	android:targetSdkVersion
		ADDED from src\main\AndroidManifest.xml:7:13-42
		INJECTED from src\main\AndroidManifest.xml
		INJECTED from src\main\AndroidManifest.xml
	android:minSdkVersion
		ADDED from src\main\AndroidManifest.xml:8:13-39
		INJECTED from src\main\AndroidManifest.xml
		INJECTED from src\main\AndroidManifest.xml
uses-permission#android.permission.INTERNET
ADDED from src\main\AndroidManifest.xml:10:3-64
	android:name
		ADDED from src\main\AndroidManifest.xml:10:20-62
uses-permission#android.permission.VIBRATE
ADDED from src\main\AndroidManifest.xml:11:3-63
	android:name
		ADDED from src\main\AndroidManifest.xml:11:20-61
application
ADDED from src\main\AndroidManifest.xml:13:3-57:17
	android:label
		ADDED from src\main\AndroidManifest.xml:15:5-37
	android:icon
		ADDED from src\main\AndroidManifest.xml:14:5-41
meta-data#android.app.default_searchable
ADDED from src\main\AndroidManifest.xml:17:5-20:7
	android:name
		ADDED from src\main\AndroidManifest.xml:18:7-52
	android:value
		ADDED from src\main\AndroidManifest.xml:19:7-47
activity#com.paad.earthquake.PreferencesActivity
ADDED from src\main\AndroidManifest.xml:22:5-24:16
	android:label
		ADDED from src\main\AndroidManifest.xml:23:7-45
	android:name
		ADDED from src\main\AndroidManifest.xml:22:15-50
activity#com.paad.earthquake.Earthquake
ADDED from src\main\AndroidManifest.xml:25:2-33:13
	android:label
		ADDED from src\main\AndroidManifest.xml:27:4-36
	android:uiOptions
		ADDED from src\main\AndroidManifest.xml:28:4-48
	android:name
		ADDED from src\main\AndroidManifest.xml:26:4-30
intent-filter#android.intent.action.MAIN+android.intent.category.LAUNCHER
ADDED from src\main\AndroidManifest.xml:29:4-32:20
action#android.intent.action.MAIN
ADDED from src\main\AndroidManifest.xml:30:6-58
	android:name
		ADDED from src\main\AndroidManifest.xml:30:14-55
category#android.intent.category.LAUNCHER
ADDED from src\main\AndroidManifest.xml:31:6-66
	android:name
		ADDED from src\main\AndroidManifest.xml:31:16-63
activity#com.paad.earthquake.FragmentPreferences
ADDED from src\main\AndroidManifest.xml:34:5-52
	android:name
		ADDED from src\main\AndroidManifest.xml:34:15-50
provider#com.paad.earthquake.EarthquakeProvider
ADDED from src\main\AndroidManifest.xml:35:5-36:63
	android:authorities
		ADDED from src\main\AndroidManifest.xml:36:11-60
	android:name
		ADDED from src\main\AndroidManifest.xml:35:15-49
activity#com.paad.earthquake.EarthquakeSearchResults
ADDED from src\main\AndroidManifest.xml:37:5-48:16
	android:label
		ADDED from src\main\AndroidManifest.xml:38:4-37
	android:name
		ADDED from src\main\AndroidManifest.xml:37:15-54
	android:launchMode
		ADDED from src\main\AndroidManifest.xml:39:4-34
intent-filter#android.intent.action.SEARCH+android.intent.category.DEFAULT
ADDED from src\main\AndroidManifest.xml:40:4-43:20
action#android.intent.action.SEARCH
ADDED from src\main\AndroidManifest.xml:41:6-60
	android:name
		ADDED from src\main\AndroidManifest.xml:41:14-57
category#android.intent.category.DEFAULT
ADDED from src\main\AndroidManifest.xml:42:6-65
	android:name
		ADDED from src\main\AndroidManifest.xml:42:16-62
meta-data#android.app.searchable
ADDED from src\main\AndroidManifest.xml:44:4-47:6
	android:resource
		ADDED from src\main\AndroidManifest.xml:46:6-40
	android:name
		ADDED from src\main\AndroidManifest.xml:45:6-43
service#com.paad.earthquake.EarthquakeUpdateService
ADDED from src\main\AndroidManifest.xml:49:5-78
	android:enabled
		ADDED from src\main\AndroidManifest.xml:49:14-36
	android:name
		ADDED from src\main\AndroidManifest.xml:49:37-76
receiver#com.paad.earthquake.EarthquakeAlarmReceiver
ADDED from src\main\AndroidManifest.xml:50:5-56:13
	android:name
		ADDED from src\main\AndroidManifest.xml:50:15-54
intent-filter#com.paad.earthquake.ACTION_REFRESH_EARTHQUAKE_ALARM
ADDED from src\main\AndroidManifest.xml:51:4-55:20
action#com.paad.earthquake.ACTION_REFRESH_EARTHQUAKE_ALARM
ADDED from src\main\AndroidManifest.xml:52:6-54:8
	android:name
		ADDED from src\main\AndroidManifest.xml:53:8-74